d:\repos\deathlord-relorded\deathlord-relorded\x64\debug\deathlordrelorded.pch
d:\repos\deathlord-relorded\deathlord-relorded\x64\debug\vc142.pdb
d:\repos\deathlord-relorded\deathlord-relorded\x64\debug\vc142.idb
d:\repos\deathlord-relorded\deathlord-relorded\x64\debug\automap.obj
d:\repos\deathlord-relorded\deathlord-relorded\x64\debug\deathlordhacks.obj
d:\repos\deathlord-relorded\deathlord-relorded\x64\debug\deviceresources.obj
d:\repos\deathlord-relorded\deathlord-relorded\x64\debug\applewin.obj
d:\repos\deathlord-relorded\deathlord-relorded\x64\debug\ay8910.obj
d:\repos\deathlord-relorded\deathlord-relorded\x64\debug\cardmanager.obj
d:\repos\deathlord-relorded\deathlord-relorded\x64\debug\cpu.obj
d:\repos\deathlord-relorded\deathlord-relorded\x64\debug\disk.obj
d:\repos\deathlord-relorded\deathlord-relorded\x64\debug\disk2cardmanager.obj
d:\repos\deathlord-relorded\deathlord-relorded\x64\debug\diskformattrack.obj
d:\repos\deathlord-relorded\deathlord-relorded\x64\debug\diskimage.obj
d:\repos\deathlord-relorded\deathlord-relorded\x64\debug\diskimagehelper.obj
d:\repos\deathlord-relorded\deathlord-relorded\x64\debug\joystick.obj
d:\repos\deathlord-relorded\deathlord-relorded\x64\debug\keyboard.obj
d:\repos\deathlord-relorded\deathlord-relorded\x64\debug\languagecard.obj
d:\repos\deathlord-relorded\deathlord-relorded\x64\debug\memory.obj
d:\repos\deathlord-relorded\deathlord-relorded\x64\debug\mockingboard.obj
d:\repos\deathlord-relorded\deathlord-relorded\x64\debug\noslotclock.obj
d:\repos\deathlord-relorded\deathlord-relorded\x64\debug\ntsc.obj
d:\repos\deathlord-relorded\deathlord-relorded\x64\debug\ntsc_charset.obj
d:\repos\deathlord-relorded\deathlord-relorded\x64\debug\rgbmonitor.obj
d:\repos\deathlord-relorded\deathlord-relorded\x64\debug\soundcore.obj
d:\repos\deathlord-relorded\deathlord-relorded\x64\debug\speaker.obj
d:\repos\deathlord-relorded\deathlord-relorded\x64\debug\synchronouseventmanager.obj
d:\repos\deathlord-relorded\deathlord-relorded\x64\debug\video.obj
d:\repos\deathlord-relorded\deathlord-relorded\x64\debug\game.obj
d:\repos\deathlord-relorded\deathlord-relorded\x64\debug\hautils.obj
d:\repos\deathlord-relorded\deathlord-relorded\x64\debug\invitem.obj
d:\repos\deathlord-relorded\deathlord-relorded\x64\debug\invmanager.obj
d:\repos\deathlord-relorded\deathlord-relorded\x64\debug\invoverlay.obj
d:\repos\deathlord-relorded\deathlord-relorded\x64\debug\logwindow.obj
d:\repos\deathlord-relorded\deathlord-relorded\x64\debug\main.obj
d:\repos\deathlord-relorded\deathlord-relorded\x64\debug\memorytriggers.obj
d:\repos\deathlord-relorded\deathlord-relorded\x64\debug\nonvolatile.obj
d:\repos\deathlord-relorded\deathlord-relorded\x64\debug\pch.obj
d:\repos\deathlord-relorded\deathlord-relorded\x64\debug\gamelink.obj
d:\repos\deathlord-relorded\deathlord-relorded\x64\debug\remotecontrolmanager.obj
d:\repos\deathlord-relorded\deathlord-relorded\x64\debug\sidebar.obj
d:\repos\deathlord-relorded\deathlord-relorded\x64\debug\sidebarcontent.obj
d:\repos\deathlord-relorded\deathlord-relorded\x64\debug\sidebarmanager.obj
d:\repos\deathlord-relorded\deathlord-relorded\x64\debug\spellwindow.obj
d:\repos\deathlord-relorded\deathlord-relorded\x64\debug\tilesetcreator.obj
d:\repos\deathlord-relorded\x64\debug\concrt140d.dll
d:\repos\deathlord-relorded\x64\debug\msvcp140d.dll
d:\repos\deathlord-relorded\x64\debug\msvcp140d_atomic_wait.dll
d:\repos\deathlord-relorded\x64\debug\msvcp140d_codecvt_ids.dll
d:\repos\deathlord-relorded\x64\debug\msvcp140_1d.dll
d:\repos\deathlord-relorded\x64\debug\msvcp140_2d.dll
d:\repos\deathlord-relorded\x64\debug\vccorlib140d.dll
d:\repos\deathlord-relorded\x64\debug\vcruntime140d.dll
d:\repos\deathlord-relorded\x64\debug\vcruntime140_1d.dll
d:\repos\deathlord-relorded\x64\debug\vcamp140d.dll
d:\repos\deathlord-relorded\x64\debug\mfc140d.dll
d:\repos\deathlord-relorded\x64\debug\mfc140ud.dll
d:\repos\deathlord-relorded\x64\debug\mfcm140d.dll
d:\repos\deathlord-relorded\x64\debug\mfcm140ud.dll
d:\repos\deathlord-relorded\x64\debug\vcomp140d.dll
d:\repos\deathlord-relorded\x64\debug\libomp140.x86_64.dll
d:\repos\deathlord-relorded\x64\debug\libomp140d.x86_64.dll
d:\repos\deathlord-relorded\x64\debug\ucrtbased.dll
d:\repos\deathlord-relorded\x64\debug\pixelshader.cso
d:\repos\deathlord-relorded\x64\debug\vertexshader.cso
d:\repos\deathlord-relorded\deathlord-relorded\x64\debug\resource.res
d:\repos\deathlord-relorded\deathlord-relorded\x64\debug\deathlor.35153a4d.tlog\cl.command.1.tlog
d:\repos\deathlord-relorded\deathlord-relorded\x64\debug\deathlor.35153a4d.tlog\cl.read.1.tlog
d:\repos\deathlord-relorded\deathlord-relorded\x64\debug\deathlor.35153a4d.tlog\cl.write.1.tlog
d:\repos\deathlord-relorded\deathlord-relorded\x64\debug\deathlor.35153a4d.tlog\copylocal.read.1u.tlog
d:\repos\deathlord-relorded\deathlord-relorded\x64\debug\deathlor.35153a4d.tlog\copylocal.write.1u.tlog
d:\repos\deathlord-relorded\deathlord-relorded\x64\debug\deathlor.35153a4d.tlog\fxc.command.1.tlog
d:\repos\deathlord-relorded\deathlord-relorded\x64\debug\deathlor.35153a4d.tlog\fxc.read.1.tlog
d:\repos\deathlord-relorded\deathlord-relorded\x64\debug\deathlor.35153a4d.tlog\fxc.write.1.tlog
d:\repos\deathlord-relorded\deathlord-relorded\x64\debug\deathlor.35153a4d.tlog\link.command.1.tlog
d:\repos\deathlord-relorded\deathlord-relorded\x64\debug\deathlor.35153a4d.tlog\link.read.1.tlog
d:\repos\deathlord-relorded\deathlord-relorded\x64\debug\deathlor.35153a4d.tlog\link.write.1.tlog
d:\repos\deathlord-relorded\deathlord-relorded\x64\debug\deathlor.35153a4d.tlog\rc.command.1.tlog
d:\repos\deathlord-relorded\deathlord-relorded\x64\debug\deathlor.35153a4d.tlog\rc.read.1.tlog
d:\repos\deathlord-relorded\deathlord-relorded\x64\debug\deathlor.35153a4d.tlog\rc.write.1.tlog
